-- The C compiler identification is GNU 11.3.0
-- The CXX compiler identification is GNU 11.3.0
-- Detecting C compiler ABI info
-- Detecting C compiler ABI info - done
-- Check for working C compiler: /usr/bin/cc - skipped
-- Detecting C compile features
-- Detecting C compile features - done
-- Detecting CXX compiler ABI info
-- Detecting CXX compiler ABI info - done
-- Check for working CXX compiler: /usr/bin/c++ - skipped
-- Detecting CXX compile features
-- Detecting CXX compile features - done
-- Found ament_cmake: 1.3.4 (/opt/ros/humble/share/ament_cmake/cmake)
-- Found Python3: /usr/bin/python3.10 (found version "3.10.6") found components: Interpreter 
-- Found rclcpp: 16.0.4 (/opt/ros/humble/share/rclcpp/cmake)
-- Found rosidl_generator_c: 3.1.4 (/opt/ros/humble/share/rosidl_generator_c/cmake)
-- Found rosidl_adapter: 3.1.4 (/opt/ros/humble/share/rosidl_adapter/cmake)
-- Found rosidl_generator_cpp: 3.1.4 (/opt/ros/humble/share/rosidl_generator_cpp/cmake)
-- Using all available rosidl_typesupport_c: rosidl_typesupport_fastrtps_c;rosidl_typesupport_introspection_c
-- Using all available rosidl_typesupport_cpp: rosidl_typesupport_fastrtps_cpp;rosidl_typesupport_introspection_cpp
-- Found rmw_implementation_cmake: 6.1.1 (/opt/ros/humble/share/rmw_implementation_cmake/cmake)
-- Found rmw_fastrtps_cpp: 6.2.2 (/opt/ros/humble/share/rmw_fastrtps_cpp/cmake)
-- Found OpenSSL: /usr/lib/x86_64-linux-gnu/libcrypto.so (found version "3.0.2")  
-- Found FastRTPS: /opt/ros/humble/include  
-- Using RMW implementation 'rmw_fastrtps_cpp' as default
-- Looking for pthread.h
-- Looking for pthread.h - found
-- Performing Test CMAKE_HAVE_LIBC_PTHREAD
-- Performing Test CMAKE_HAVE_LIBC_PTHREAD - Success
-- Found Threads: TRUE  
-- Found nav_msgs: 4.2.3 (/home/simulations/ros2_sims_ws/install/nav_msgs/share/nav_msgs/cmake)
-- Found sensor_msgs: 4.2.3 (/home/simulations/ros2_sims_ws/install/sensor_msgs/share/sensor_msgs/cmake)
-- Found ament_lint_auto: 0.12.6 (/opt/ros/humble/share/ament_lint_auto/cmake)
-- Added test 'cppcheck' to perform static code analysis on C / C++ code
-- Configured cppcheck include dirs: /home/user/ros2_ws/src/citylab_project/robot_patrol/include
-- Configured cppcheck exclude dirs and/or files: 
-- Added test 'flake8' to check Python code syntax and style conventions
-- Added test 'lint_cmake' to check CMake code style
-- Added test 'pep257' to check Python code against some of the docstring style conventions in PEP 257
-- Added test 'uncrustify' to check C / C++ code style
-- Configured uncrustify additional arguments: 
-- Added test 'xmllint' to check XML markup files
-- Configuring done
-- Generating done
-- Build files have been written to: /home/user/ros2_ws/src/citylab_project/build/robot_patrol
[ 50%] [32mBuilding CXX object CMakeFiles/robot_patrol.dir/src/patrol.cpp.o[0m
[01m[K/home/user/ros2_ws/src/citylab_project/robot_patrol/src/patrol.cpp:116:2:[m[K [01;31m[Kerror: [m[Kexpected '[01m[K}[m[K' at end of input
  116 | }
      |  [01;31m[K^[m[K
[01m[K/home/user/ros2_ws/src/citylab_project/robot_patrol/src/patrol.cpp:7:36:[m[K [01;36m[Knote: [m[Kto match this '[01m[K{[m[K'
    7 | class Patrol : public rclcpp::Node [01;36m[K{[m[K
      |                                    [01;36m[K^[m[K
[01m[K/home/user/ros2_ws/src/citylab_project/robot_patrol/src/patrol.cpp:[m[K In constructor '[01m[KPatrol::Patrol()[m[K':
[01m[K/home/user/ros2_ws/src/citylab_project/robot_patrol/src/patrol.cpp:12:9:[m[K [01;31m[Kerror: [m[K'[01m[Ksubscription_[m[K' was not declared in this scope; did you mean '[01m[Krmw_subscription_t[m[K'?
   12 |         [01;31m[Ksubscription_[m[K = this->create_subscription<sensor_msgs::msg::LaserScan>(
      |         [01;31m[K^~~~~~~~~~~~~[m[K
      |         [32m[Krmw_subscription_t[m[K
[01m[K/home/user/ros2_ws/src/citylab_project/robot_patrol/src/patrol.cpp:17:9:[m[K [01;31m[Kerror: [m[K'[01m[Kpublisher_[m[K' was not declared in this scope; did you mean '[01m[Krmw_publisher_t[m[K'?
   17 |         [01;31m[Kpublisher_[m[K = this->create_publisher<geometry_msgs::msg::Twist>("/cmd_vel", 10);
      |         [01;31m[K^~~~~~~~~~[m[K
      |         [32m[Krmw_publisher_t[m[K
[01m[K/home/user/ros2_ws/src/citylab_project/robot_patrol/src/patrol.cpp:19:9:[m[K [01;31m[Kerror: [m[K'[01m[Ktimer_[m[K' was not declared in this scope; did you mean '[01m[Ktimer_t[m[K'?
   19 |         [01;31m[Ktimer_[m[K = this->create_wall_timer(
      |         [01;31m[K^~~~~~[m[K
      |         [32m[Ktimer_t[m[K
[01m[K/home/user/ros2_ws/src/citylab_project/robot_patrol/src/patrol.cpp:21:32:[m[K [01;31m[Kerror: [m[K'[01m[KvelPub[m[K' is not a member of '[01m[KPatrol[m[K'
   21 |             std::bind(&Patrol::[01;31m[KvelPub[m[K, this));
      |                                [01;31m[K^~~~~~[m[K
[01m[K/home/user/ros2_ws/src/citylab_project/robot_patrol/src/patrol.cpp:[m[K In member function '[01m[Kvoid Patrol::laserCallback(sensor_msgs::msg::LaserScan_<std::allocator<void> >::SharedPtr)[m[K':
[01m[K/home/user/ros2_ws/src/citylab_project/robot_patrol/src/patrol.cpp:31:9:[m[K [01;31m[Kerror: [m[K'[01m[Kclosest_object_[m[K' was not declared in this scope
   31 |         [01;31m[Kclosest_object_[m[K = laser_max;
      |         [01;31m[K^~~~~~~~~~~~~~~[m[K
[01m[K/home/user/ros2_ws/src/citylab_project/robot_patrol/src/patrol.cpp:48:9:[m[K [01;31m[Kerror: [m[K'[01m[Kfront_reading_[m[K' was not declared in this scope
   48 |         [01;31m[Kfront_reading_[m[K = msg->ranges[range_size * 0.5];
      |         [01;31m[K^~~~~~~~~~~~~~[m[K
[01m[K/home/user/ros2_ws/src/citylab_project/robot_patrol/src/patrol.cpp:61:21:[m[K [01;31m[Kerror: [m[K'[01m[Kavoidance_direction_[m[K' was not declared in this scope
   61 |                     [01;31m[Kavoidance_direction_[m[K = i < 0.25 * range_size ? -1 : 1;
      |                     [01;31m[K^~~~~~~~~~~~~~~~~~~~[m[K
[01m[K/home/user/ros2_ws/src/citylab_project/robot_patrol/src/patrol.cpp:67:9:[m[K [01;31m[Kerror: [m[K'[01m[Kdirection_[m[K' was not declared in this scope
   67 |         [01;31m[Kdirection_[m[K = laser_idx * 2 * pi_ / range_size;
      |         [01;31m[K^~~~~~~~~~[m[K
[01m[K/home/user/ros2_ws/src/citylab_project/robot_patrol/src/patrol.cpp:67:38:[m[K [01;31m[Kerror: [m[K'[01m[Kpi_[m[K' was not declared in this scope
   67 |         direction_ = laser_idx * 2 * [01;31m[Kpi_[m[K / range_size;
      |                                      [01;31m[K^~~[m[K
[01m[K/home/user/ros2_ws/src/citylab_project/robot_patrol/src/patrol.cpp:76:19:[m[K [01;31m[Kerror: [m[Ka function-definition is not allowed here before '[01m[K{[m[K' token
   76 |     void velPub() [01;31m[K{[m[K
      |                   [01;31m[K^[m[K
[01m[K/home/user/ros2_ws/src/citylab_project/robot_patrol/src/patrol.cpp:100:11:[m[K [01;35m[Kwarning: [m[Kunused variable '[01m[Kdirection_[m[K' [[01;35m[K]8;;https://gcc.gnu.org/onlinedocs/gcc/Warning-Options.html#index-Wunused-variable-Wunused-variable]8;;[m[K]
  100 |     float [01;35m[Kdirection_[m[K;
      |           [01;35m[K^~~~~~~~~~[m[K
[01m[K/home/user/ros2_ws/src/citylab_project/robot_patrol/src/patrol.cpp:101:11:[m[K [01;35m[Kwarning: [m[Kunused variable '[01m[Kclosest_object_[m[K' [[01;35m[K]8;;https://gcc.gnu.org/onlinedocs/gcc/Warning-Options.html#index-Wunused-variable-Wunused-variable]8;;[m[K]
  101 |     float [01;35m[Kclosest_object_[m[K;
      |           [01;35m[K^~~~~~~~~~~~~~~[m[K
[01m[K/home/user/ros2_ws/src/citylab_project/robot_patrol/src/patrol.cpp:102:9:[m[K [01;35m[Kwarning: [m[Kunused variable '[01m[Kavoidance_direction_[m[K' [[01;35m[K]8;;https://gcc.gnu.org/onlinedocs/gcc/Warning-Options.html#index-Wunused-variable-Wunused-variable]8;;[m[K]
  102 |     int [01;35m[Kavoidance_direction_[m[K;
      |         [01;35m[K^~~~~~~~~~~~~~~~~~~~[m[K
[01m[K/home/user/ros2_ws/src/citylab_project/robot_patrol/src/patrol.cpp:103:11:[m[K [01;35m[Kwarning: [m[Kunused variable '[01m[Kfront_reading_[m[K' [[01;35m[K]8;;https://gcc.gnu.org/onlinedocs/gcc/Warning-Options.html#index-Wunused-variable-Wunused-variable]8;;[m[K]
  103 |     float [01;35m[Kfront_reading_[m[K;
      |           [01;35m[K^~~~~~~~~~~~~~[m[K
[01m[K/home/user/ros2_ws/src/citylab_project/robot_patrol/src/patrol.cpp:104:11:[m[K [01;35m[Kwarning: [m[Kunused variable '[01m[Ksafety_distance[m[K' [[01;35m[K]8;;https://gcc.gnu.org/onlinedocs/gcc/Warning-Options.html#index-Wunused-variable-Wunused-variable]8;;[m[K]
  104 |     float [01;35m[Ksafety_distance[m[K = 0.25;
      |           [01;35m[K^~~~~~~~~~~~~~~[m[K
[01m[K/home/user/ros2_ws/src/citylab_project/robot_patrol/src/patrol.cpp:105:11:[m[K [01;35m[Kwarning: [m[Kunused variable '[01m[Kpi_[m[K' [[01;35m[K]8;;https://gcc.gnu.org/onlinedocs/gcc/Warning-Options.html#index-Wunused-variable-Wunused-variable]8;;[m[K]
  105 |     float [01;35m[Kpi_[m[K = std::atan2(0, -1);
      |           [01;35m[K^~~[m[K
[01m[K/home/user/ros2_ws/src/citylab_project/robot_patrol/src/patrol.cpp:108:34:[m[K [01;31m[Kerror: [m[Ka function-definition is not allowed here before '[01m[K{[m[K' token
  108 | int main(int argc, char ** argv) [01;31m[K{[m[K
      |                                  [01;31m[K^[m[K
[01m[K/home/user/ros2_ws/src/citylab_project/robot_patrol/src/patrol.cpp:116:2:[m[K [01;31m[Kerror: [m[Kexpected '[01m[K}[m[K' at end of input
  116 | }
      |  [01;31m[K^[m[K
[01m[K/home/user/ros2_ws/src/citylab_project/robot_patrol/src/patrol.cpp:49:46:[m[K [01;36m[Knote: [m[Kto match this '[01m[K{[m[K'
   49 |         for (int i = 0; i < range_size; i++) [01;36m[K{[m[K
      |                                              [01;36m[K^[m[K
[01m[K/home/user/ros2_ws/src/citylab_project/robot_patrol/src/patrol.cpp:116:2:[m[K [01;31m[Kerror: [m[Kexpected '[01m[K}[m[K' at end of input
  116 | }
      |  [01;31m[K^[m[K
[01m[K/home/user/ros2_ws/src/citylab_project/robot_patrol/src/patrol.cpp:25:74:[m[K [01;36m[Knote: [m[Kto match this '[01m[K{[m[K'
   25 |    void laserCallback(const sensor_msgs::msg::LaserScan::SharedPtr msg) [01;36m[K{[m[K
      |                                                                         [01;36m[K^[m[K

[01m[K/home/user/ros2_ws/src/citylab_project/robot_patrol/src/patrol.cpp:[m[K At global scope:
[01m[K/home/user/ros2_ws/src/citylab_project/robot_patrol/src/patrol.cpp:116:2:[m[K [01;31m[Kerror: [m[Kexpected unqualified-id at end of input
  116 | }
      |  [01;31m[K^[m[K
gmake[2]: *** [CMakeFiles/robot_patrol.dir/build.make:76: CMakeFiles/robot_patrol.dir/src/patrol.cpp.o] Error 1
gmake[1]: *** [CMakeFiles/Makefile2:137: CMakeFiles/robot_patrol.dir/all] Error 2
gmake: *** [Makefile:146: all] Error 2
